[
  {
    "line": 3,
    "elements": [
      {
        "line": 5,
        "name": "",
        "description": "",
        "type": "background",
        "keyword": "Background",
        "steps": [
          {
            "result": {
              "duration": 8631230000,
              "status": "passed"
            },
            "line": 6,
            "name": "user goes to Amazon Home Page",
            "match": {
              "location": "stepDefinitions.TC01StepDefinitions.user_goes_to_amazon_home_page()"
            },
            "keyword": "When "
          }
        ]
      },
      {
        "start_timestamp": "2021-12-10T09:23:42.625Z",
        "before": [
          {
            "result": {
              "duration": 3090000,
              "status": "passed"
            },
            "match": {
              "location": "stepDefinitions.Hook.setUp()"
            }
          }
        ],
        "line": 8,
        "name": "",
        "description": "",
        "id": "all-listed-products-contain-...;",
        "after": [
          {
            "result": {
              "error_message": "org.openqa.selenium.NoSuchWindowException: no such window: target window already closed\nfrom unknown error: web view not found\n  (Session info: chrome\u003d96.0.4664.93)\nBuild info: version: \u00274.0.0\u0027, revision: \u00273a21814679\u0027\nSystem info: host: \u0027Zulfiyes-MacBook-Pro.local\u0027, ip: \u00272603:8081:1607:f1b7:0:0:0:14b4%en0\u0027, os.name: \u0027Mac OS X\u0027, os.arch: \u0027x86_64\u0027, os.version: \u002710.16\u0027, java.version: \u002714.0.2\u0027\nDriver info: org.openqa.selenium.chrome.ChromeDriver\nCommand: [a77c9f17d4e4b3e9abd4c4f08c60038b, screenshot {}]\nCapabilities {acceptInsecureCerts: false, browserName: chrome, browserVersion: 96.0.4664.93, chrome: {chromedriverVersion: 96.0.4664.45 (76e4c1bb2ab46..., userDataDir: /var/folders/w0/2f6p2hfj42v...}, goog:chromeOptions: {debuggerAddress: localhost:64503}, javascriptEnabled: true, networkConnectionEnabled: false, pageLoadStrategy: normal, platform: MAC, platformName: MAC, proxy: Proxy(), se:cdp: ws://localhost:64503/devtoo..., se:cdpVersion: 96.0.4664.93, setWindowRect: true, strictFileInteractability: false, timeouts: {implicit: 0, pageLoad: 300000, script: 30000}, unhandledPromptBehavior: dismiss and notify, webauthn:extension:credBlob: true, webauthn:extension:largeBlob: true, webauthn:virtualAuthenticators: true}\nSession ID: a77c9f17d4e4b3e9abd4c4f08c60038b\n\tat java.base/jdk.internal.reflect.NativeConstructorAccessorImpl.newInstance0(Native Method)\n\tat java.base/jdk.internal.reflect.NativeConstructorAccessorImpl.newInstance(NativeConstructorAccessorImpl.java:62)\n\tat java.base/jdk.internal.reflect.DelegatingConstructorAccessorImpl.newInstance(DelegatingConstructorAccessorImpl.java:45)\n\tat java.base/java.lang.reflect.Constructor.newInstanceWithCaller(Constructor.java:500)\n\tat java.base/java.lang.reflect.Constructor.newInstance(Constructor.java:481)\n\tat org.openqa.selenium.remote.codec.w3c.W3CHttpResponseCodec.createException(W3CHttpResponseCodec.java:200)\n\tat org.openqa.selenium.remote.codec.w3c.W3CHttpResponseCodec.decode(W3CHttpResponseCodec.java:133)\n\tat org.openqa.selenium.remote.codec.w3c.W3CHttpResponseCodec.decode(W3CHttpResponseCodec.java:53)\n\tat org.openqa.selenium.remote.HttpCommandExecutor.execute(HttpCommandExecutor.java:184)\n\tat org.openqa.selenium.remote.service.DriverCommandExecutor.invokeExecute(DriverCommandExecutor.java:164)\n\tat org.openqa.selenium.remote.service.DriverCommandExecutor.execute(DriverCommandExecutor.java:139)\n\tat org.openqa.selenium.remote.RemoteWebDriver.execute(RemoteWebDriver.java:559)\n\tat org.openqa.selenium.remote.RemoteWebDriver.execute(RemoteWebDriver.java:614)\n\tat org.openqa.selenium.remote.RemoteWebDriver.execute(RemoteWebDriver.java:618)\n\tat org.openqa.selenium.remote.RemoteWebDriver.getScreenshotAs(RemoteWebDriver.java:349)\n\tat stepDefinitions.Hook.tearDown(Hook.java:21)\n",
              "duration": 4098000,
              "status": "failed"
            },
            "match": {
              "location": "stepDefinitions.Hook.tearDown(io.cucumber.java.Scenario)"
            }
          }
        ],
        "type": "scenario",
        "keyword": "Scenario",
        "steps": [
          {
            "result": {
              "duration": 3407434000,
              "status": "passed"
            },
            "line": 9,
            "name": "user clicks to All categories",
            "match": {
              "location": "stepDefinitions.TC05StepDefinitions.user_clicks_to_all_categories()"
            },
            "keyword": "And "
          },
          {
            "result": {
              "duration": 13216015000,
              "status": "passed"
            },
            "line": 10,
            "name": "selects Computers",
            "match": {
              "location": "stepDefinitions.TC05StepDefinitions.selects_computers()"
            },
            "keyword": "And "
          },
          {
            "result": {
              "error_message": "org.openqa.selenium.NoSuchWindowException: no such window: target window already closed\nfrom unknown error: web view not found\n  (Session info: chrome\u003d96.0.4664.93)\nBuild info: version: \u00274.0.0\u0027, revision: \u00273a21814679\u0027\nSystem info: host: \u0027Zulfiyes-MacBook-Pro.local\u0027, ip: \u00272603:8081:1607:f1b7:0:0:0:14b4%en0\u0027, os.name: \u0027Mac OS X\u0027, os.arch: \u0027x86_64\u0027, os.version: \u002710.16\u0027, java.version: \u002714.0.2\u0027\nDriver info: org.openqa.selenium.chrome.ChromeDriver\nCommand: [a77c9f17d4e4b3e9abd4c4f08c60038b, findElements {using\u003dxpath, value\u003d//ul[@data-menu-id\u003d\u00276\u0027]//li}]\nCapabilities {acceptInsecureCerts: false, browserName: chrome, browserVersion: 96.0.4664.93, chrome: {chromedriverVersion: 96.0.4664.45 (76e4c1bb2ab46..., userDataDir: /var/folders/w0/2f6p2hfj42v...}, goog:chromeOptions: {debuggerAddress: localhost:64503}, javascriptEnabled: true, networkConnectionEnabled: false, pageLoadStrategy: normal, platform: MAC, platformName: MAC, proxy: Proxy(), se:cdp: ws://localhost:64503/devtoo..., se:cdpVersion: 96.0.4664.93, setWindowRect: true, strictFileInteractability: false, timeouts: {implicit: 0, pageLoad: 300000, script: 30000}, unhandledPromptBehavior: dismiss and notify, webauthn:extension:credBlob: true, webauthn:extension:largeBlob: true, webauthn:virtualAuthenticators: true}\nSession ID: a77c9f17d4e4b3e9abd4c4f08c60038b\n\tat java.base/jdk.internal.reflect.NativeConstructorAccessorImpl.newInstance0(Native Method)\n\tat java.base/jdk.internal.reflect.NativeConstructorAccessorImpl.newInstance(NativeConstructorAccessorImpl.java:62)\n\tat java.base/jdk.internal.reflect.DelegatingConstructorAccessorImpl.newInstance(DelegatingConstructorAccessorImpl.java:45)\n\tat java.base/java.lang.reflect.Constructor.newInstanceWithCaller(Constructor.java:500)\n\tat java.base/java.lang.reflect.Constructor.newInstance(Constructor.java:481)\n\tat org.openqa.selenium.remote.codec.w3c.W3CHttpResponseCodec.createException(W3CHttpResponseCodec.java:200)\n\tat org.openqa.selenium.remote.codec.w3c.W3CHttpResponseCodec.decode(W3CHttpResponseCodec.java:133)\n\tat org.openqa.selenium.remote.codec.w3c.W3CHttpResponseCodec.decode(W3CHttpResponseCodec.java:53)\n\tat org.openqa.selenium.remote.HttpCommandExecutor.execute(HttpCommandExecutor.java:184)\n\tat org.openqa.selenium.remote.service.DriverCommandExecutor.invokeExecute(DriverCommandExecutor.java:164)\n\tat org.openqa.selenium.remote.service.DriverCommandExecutor.execute(DriverCommandExecutor.java:139)\n\tat org.openqa.selenium.remote.RemoteWebDriver.execute(RemoteWebDriver.java:559)\n\tat org.openqa.selenium.remote.ElementLocation$ElementFinder$2.findElements(ElementLocation.java:179)\n\tat org.openqa.selenium.remote.ElementLocation.findElements(ElementLocation.java:102)\n\tat org.openqa.selenium.remote.RemoteWebDriver.findElements(RemoteWebDriver.java:398)\n\tat org.openqa.selenium.remote.RemoteWebDriver.findElements(RemoteWebDriver.java:390)\n\tat org.openqa.selenium.support.pagefactory.DefaultElementLocator.findElements(DefaultElementLocator.java:87)\n\tat org.openqa.selenium.support.pagefactory.internal.LocatingElementListHandler.invoke(LocatingElementListHandler.java:37)\n\tat com.sun.proxy.$Proxy24.get(Unknown Source)\n\tat stepDefinitions.TC06StepDefinitions.selects_computer_components(TC06StepDefinitions.java:17)\n\tat ✽.selects Computer Components(file:///Users/zulbis/Documents/AmazonWebPage/src/test/resources/features/TC06.feature:11)\n",
              "duration": 13620000,
              "status": "failed"
            },
            "line": 11,
            "name": "selects Computer Components",
            "match": {
              "location": "stepDefinitions.TC06StepDefinitions.selects_computer_components()"
            },
            "keyword": "And "
          },
          {
            "result": {
              "duration": 300000,
              "status": "skipped"
            },
            "line": 12,
            "name": "selects the Seagate checkbox",
            "match": {
              "location": "stepDefinitions.TC06StepDefinitions.selects_the_Seagate_checkbox()"
            },
            "keyword": "And "
          },
          {
            "result": {
              "duration": 129000,
              "status": "skipped"
            },
            "line": 13,
            "name": "verifies that all listed products contain \"Seagate\" information",
            "match": {
              "arguments": [
                {
                  "val": "\"Seagate\"",
                  "offset": 42
                }
              ],
              "location": "stepDefinitions.TC06StepDefinitions.verifies_that_all_listed_products_contain_information(java.lang.String)"
            },
            "keyword": "Then "
          }
        ],
        "tags": [
          {
            "name": "@all"
          },
          {
            "name": "@Parallel2"
          }
        ]
      }
    ],
    "name": "all listed products contain ...",
    "description": "",
    "id": "all-listed-products-contain-...",
    "keyword": "Feature",
    "uri": "file:src/test/resources/features/TC06.feature",
    "tags": [
      {
        "name": "@all",
        "type": "Tag",
        "location": {
          "line": 1,
          "column": 1
        }
      },
      {
        "name": "@Parallel2",
        "type": "Tag",
        "location": {
          "line": 2,
          "column": 1
        }
      }
    ]
  },
  {
    "line": 3,
    "elements": [
      {
        "line": 5,
        "name": "",
        "description": "",
        "type": "background",
        "keyword": "Background",
        "steps": [
          {
            "result": {
              "error_message": "org.openqa.selenium.NoSuchWindowException: no such window: target window already closed\nfrom unknown error: web view not found\n  (Session info: chrome\u003d96.0.4664.93)\nBuild info: version: \u00274.0.0\u0027, revision: \u00273a21814679\u0027\nSystem info: host: \u0027Zulfiyes-MacBook-Pro.local\u0027, ip: \u00272603:8081:1607:f1b7:0:0:0:14b4%en0\u0027, os.name: \u0027Mac OS X\u0027, os.arch: \u0027x86_64\u0027, os.version: \u002710.16\u0027, java.version: \u002714.0.2\u0027\nDriver info: org.openqa.selenium.chrome.ChromeDriver\nCommand: [a77c9f17d4e4b3e9abd4c4f08c60038b, get {url\u003dhttps://www.amazon.com}]\nCapabilities {acceptInsecureCerts: false, browserName: chrome, browserVersion: 96.0.4664.93, chrome: {chromedriverVersion: 96.0.4664.45 (76e4c1bb2ab46..., userDataDir: /var/folders/w0/2f6p2hfj42v...}, goog:chromeOptions: {debuggerAddress: localhost:64503}, javascriptEnabled: true, networkConnectionEnabled: false, pageLoadStrategy: normal, platform: MAC, platformName: MAC, proxy: Proxy(), se:cdp: ws://localhost:64503/devtoo..., se:cdpVersion: 96.0.4664.93, setWindowRect: true, strictFileInteractability: false, timeouts: {implicit: 0, pageLoad: 300000, script: 30000}, unhandledPromptBehavior: dismiss and notify, webauthn:extension:credBlob: true, webauthn:extension:largeBlob: true, webauthn:virtualAuthenticators: true}\nSession ID: a77c9f17d4e4b3e9abd4c4f08c60038b\n\tat java.base/jdk.internal.reflect.NativeConstructorAccessorImpl.newInstance0(Native Method)\n\tat java.base/jdk.internal.reflect.NativeConstructorAccessorImpl.newInstance(NativeConstructorAccessorImpl.java:62)\n\tat java.base/jdk.internal.reflect.DelegatingConstructorAccessorImpl.newInstance(DelegatingConstructorAccessorImpl.java:45)\n\tat java.base/java.lang.reflect.Constructor.newInstanceWithCaller(Constructor.java:500)\n\tat java.base/java.lang.reflect.Constructor.newInstance(Constructor.java:481)\n\tat org.openqa.selenium.remote.codec.w3c.W3CHttpResponseCodec.createException(W3CHttpResponseCodec.java:200)\n\tat org.openqa.selenium.remote.codec.w3c.W3CHttpResponseCodec.decode(W3CHttpResponseCodec.java:133)\n\tat org.openqa.selenium.remote.codec.w3c.W3CHttpResponseCodec.decode(W3CHttpResponseCodec.java:53)\n\tat org.openqa.selenium.remote.HttpCommandExecutor.execute(HttpCommandExecutor.java:184)\n\tat org.openqa.selenium.remote.service.DriverCommandExecutor.invokeExecute(DriverCommandExecutor.java:164)\n\tat org.openqa.selenium.remote.service.DriverCommandExecutor.execute(DriverCommandExecutor.java:139)\n\tat org.openqa.selenium.remote.RemoteWebDriver.execute(RemoteWebDriver.java:559)\n\tat org.openqa.selenium.remote.RemoteWebDriver.get(RemoteWebDriver.java:328)\n\tat stepDefinitions.TC01StepDefinitions.user_goes_to_amazon_home_page(TC01StepDefinitions.java:18)\n\tat ✽.user goes to Amazon Home Page(file:///Users/zulbis/Documents/AmazonWebPage/src/test/resources/features/TC07.feature:6)\n",
              "duration": 9580000,
              "status": "failed"
            },
            "line": 6,
            "name": "user goes to Amazon Home Page",
            "match": {
              "location": "stepDefinitions.TC01StepDefinitions.user_goes_to_amazon_home_page()"
            },
            "keyword": "When "
          }
        ]
      },
      {
        "start_timestamp": "2021-12-10T09:24:08.012Z",
        "before": [
          {
            "result": {
              "duration": 359000,
              "status": "passed"
            },
            "match": {
              "location": "stepDefinitions.Hook.setUp()"
            }
          }
        ],
        "line": 8,
        "name": "",
        "description": "",
        "id": "all-listed-products-contain-...;",
        "after": [
          {
            "result": {
              "error_message": "org.openqa.selenium.NoSuchWindowException: no such window: target window already closed\nfrom unknown error: web view not found\n  (Session info: chrome\u003d96.0.4664.93)\nBuild info: version: \u00274.0.0\u0027, revision: \u00273a21814679\u0027\nSystem info: host: \u0027Zulfiyes-MacBook-Pro.local\u0027, ip: \u00272603:8081:1607:f1b7:0:0:0:14b4%en0\u0027, os.name: \u0027Mac OS X\u0027, os.arch: \u0027x86_64\u0027, os.version: \u002710.16\u0027, java.version: \u002714.0.2\u0027\nDriver info: org.openqa.selenium.chrome.ChromeDriver\nCommand: [a77c9f17d4e4b3e9abd4c4f08c60038b, screenshot {}]\nCapabilities {acceptInsecureCerts: false, browserName: chrome, browserVersion: 96.0.4664.93, chrome: {chromedriverVersion: 96.0.4664.45 (76e4c1bb2ab46..., userDataDir: /var/folders/w0/2f6p2hfj42v...}, goog:chromeOptions: {debuggerAddress: localhost:64503}, javascriptEnabled: true, networkConnectionEnabled: false, pageLoadStrategy: normal, platform: MAC, platformName: MAC, proxy: Proxy(), se:cdp: ws://localhost:64503/devtoo..., se:cdpVersion: 96.0.4664.93, setWindowRect: true, strictFileInteractability: false, timeouts: {implicit: 0, pageLoad: 300000, script: 30000}, unhandledPromptBehavior: dismiss and notify, webauthn:extension:credBlob: true, webauthn:extension:largeBlob: true, webauthn:virtualAuthenticators: true}\nSession ID: a77c9f17d4e4b3e9abd4c4f08c60038b\n\tat java.base/jdk.internal.reflect.NativeConstructorAccessorImpl.newInstance0(Native Method)\n\tat java.base/jdk.internal.reflect.NativeConstructorAccessorImpl.newInstance(NativeConstructorAccessorImpl.java:62)\n\tat java.base/jdk.internal.reflect.DelegatingConstructorAccessorImpl.newInstance(DelegatingConstructorAccessorImpl.java:45)\n\tat java.base/java.lang.reflect.Constructor.newInstanceWithCaller(Constructor.java:500)\n\tat java.base/java.lang.reflect.Constructor.newInstance(Constructor.java:481)\n\tat org.openqa.selenium.remote.codec.w3c.W3CHttpResponseCodec.createException(W3CHttpResponseCodec.java:200)\n\tat org.openqa.selenium.remote.codec.w3c.W3CHttpResponseCodec.decode(W3CHttpResponseCodec.java:133)\n\tat org.openqa.selenium.remote.codec.w3c.W3CHttpResponseCodec.decode(W3CHttpResponseCodec.java:53)\n\tat org.openqa.selenium.remote.HttpCommandExecutor.execute(HttpCommandExecutor.java:184)\n\tat org.openqa.selenium.remote.service.DriverCommandExecutor.invokeExecute(DriverCommandExecutor.java:164)\n\tat org.openqa.selenium.remote.service.DriverCommandExecutor.execute(DriverCommandExecutor.java:139)\n\tat org.openqa.selenium.remote.RemoteWebDriver.execute(RemoteWebDriver.java:559)\n\tat org.openqa.selenium.remote.RemoteWebDriver.execute(RemoteWebDriver.java:614)\n\tat org.openqa.selenium.remote.RemoteWebDriver.execute(RemoteWebDriver.java:618)\n\tat org.openqa.selenium.remote.RemoteWebDriver.getScreenshotAs(RemoteWebDriver.java:349)\n\tat stepDefinitions.Hook.tearDown(Hook.java:21)\n",
              "duration": 4503000,
              "status": "failed"
            },
            "match": {
              "location": "stepDefinitions.Hook.tearDown(io.cucumber.java.Scenario)"
            }
          }
        ],
        "type": "scenario",
        "keyword": "Scenario",
        "steps": [
          {
            "result": {
              "duration": 403000,
              "status": "skipped"
            },
            "line": 9,
            "name": "user clicks to All categories",
            "match": {
              "location": "stepDefinitions.TC05StepDefinitions.user_clicks_to_all_categories()"
            },
            "keyword": "And "
          },
          {
            "result": {
              "duration": 707000,
              "status": "skipped"
            },
            "line": 10,
            "name": "selects Computers",
            "match": {
              "location": "stepDefinitions.TC05StepDefinitions.selects_computers()"
            },
            "keyword": "And "
          },
          {
            "result": {
              "duration": 632000,
              "status": "skipped"
            },
            "line": 11,
            "name": "selects Computer Components",
            "match": {
              "location": "stepDefinitions.TC06StepDefinitions.selects_computer_components()"
            },
            "keyword": "And "
          },
          {
            "result": {
              "duration": 189000,
              "status": "skipped"
            },
            "line": 12,
            "name": "selects the first product listed",
            "match": {
              "location": "stepDefinitions.TC07StepDefinitions.selects_the_first_product_listed()"
            },
            "keyword": "And "
          },
          {
            "result": {
              "duration": 164000,
              "status": "skipped"
            },
            "line": 13,
            "name": "adds to cart",
            "match": {
              "location": "stepDefinitions.TC07StepDefinitions.adds_to_cart()"
            },
            "keyword": "And "
          },
          {
            "result": {
              "duration": 1207000,
              "status": "skipped"
            },
            "line": 14,
            "name": "user clicks to All categories",
            "match": {
              "location": "stepDefinitions.TC05StepDefinitions.user_clicks_to_all_categories()"
            },
            "keyword": "Then "
          },
          {
            "result": {
              "duration": 7424000,
              "status": "skipped"
            },
            "line": 15,
            "name": "selects Electronics",
            "match": {
              "location": "stepDefinitions.TC07StepDefinitions.selects_electronics()"
            },
            "keyword": "And "
          },
          {
            "result": {
              "duration": 321000,
              "status": "skipped"
            },
            "line": 16,
            "name": "selects Camera \u0026 Photo",
            "match": {
              "location": "stepDefinitions.TC07StepDefinitions.selects_camera_photo()"
            },
            "keyword": "And "
          },
          {
            "result": {
              "duration": 85000,
              "status": "skipped"
            },
            "line": 17,
            "name": "selects the second product listed",
            "match": {
              "location": "stepDefinitions.TC07StepDefinitions.selects_the_second_product_listed()"
            },
            "keyword": "And "
          },
          {
            "result": {
              "duration": 134000,
              "status": "skipped"
            },
            "line": 18,
            "name": "adds to cart",
            "match": {
              "location": "stepDefinitions.TC07StepDefinitions.adds_to_cart()"
            },
            "keyword": "And "
          },
          {
            "result": {
              "duration": 85000,
              "status": "skipped"
            },
            "line": 19,
            "name": "goes to cart",
            "match": {
              "location": "stepDefinitions.TC07StepDefinitions.goToCart()"
            },
            "keyword": "And "
          },
          {
            "result": {
              "duration": 76000,
              "status": "skipped"
            },
            "line": 20,
            "name": "Verifies that there are 2 items in the cart",
            "match": {
              "arguments": [
                {
                  "val": "2",
                  "offset": 24
                }
              ],
              "location": "stepDefinitions.TC07StepDefinitions.verifies_that_there_are_items_in_the_cart(java.lang.Integer)"
            },
            "keyword": "Then "
          },
          {
            "result": {
              "duration": 72000,
              "status": "skipped"
            },
            "line": 21,
            "name": "deletes the first item in the cart",
            "match": {
              "location": "stepDefinitions.TC07StepDefinitions.deletes_the_first_item_in_the_cart()"
            },
            "keyword": "And "
          },
          {
            "result": {
              "duration": 144000,
              "status": "skipped"
            },
            "line": 22,
            "name": "Verifies that there are 1 items in the cart",
            "match": {
              "arguments": [
                {
                  "val": "1",
                  "offset": 24
                }
              ],
              "location": "stepDefinitions.TC07StepDefinitions.verifies_that_there_are_items_in_the_cart(java.lang.Integer)"
            },
            "keyword": "Then "
          }
        ],
        "tags": [
          {
            "name": "@all"
          },
          {
            "name": "@Parallel2"
          }
        ]
      }
    ],
    "name": "all listed products contain ...",
    "description": "",
    "id": "all-listed-products-contain-...",
    "keyword": "Feature",
    "uri": "file:src/test/resources/features/TC07.feature",
    "tags": [
      {
        "name": "@all",
        "type": "Tag",
        "location": {
          "line": 1,
          "column": 1
        }
      },
      {
        "name": "@Parallel2",
        "type": "Tag",
        "location": {
          "line": 2,
          "column": 1
        }
      }
    ]
  },
  {
    "line": 3,
    "elements": [
      {
        "start_timestamp": "2021-12-10T09:24:08.075Z",
        "before": [
          {
            "result": {
              "duration": 150000,
              "status": "passed"
            },
            "match": {
              "location": "stepDefinitions.Hook.setUp()"
            }
          }
        ],
        "line": 5,
        "name": "",
        "description": "",
        "id": "all-listed-products-contain-...;",
        "after": [
          {
            "result": {
              "error_message": "org.openqa.selenium.NoSuchWindowException: no such window: target window already closed\nfrom unknown error: web view not found\n  (Session info: chrome\u003d96.0.4664.93)\nBuild info: version: \u00274.0.0\u0027, revision: \u00273a21814679\u0027\nSystem info: host: \u0027Zulfiyes-MacBook-Pro.local\u0027, ip: \u00272603:8081:1607:f1b7:0:0:0:14b4%en0\u0027, os.name: \u0027Mac OS X\u0027, os.arch: \u0027x86_64\u0027, os.version: \u002710.16\u0027, java.version: \u002714.0.2\u0027\nDriver info: org.openqa.selenium.chrome.ChromeDriver\nCommand: [a77c9f17d4e4b3e9abd4c4f08c60038b, screenshot {}]\nCapabilities {acceptInsecureCerts: false, browserName: chrome, browserVersion: 96.0.4664.93, chrome: {chromedriverVersion: 96.0.4664.45 (76e4c1bb2ab46..., userDataDir: /var/folders/w0/2f6p2hfj42v...}, goog:chromeOptions: {debuggerAddress: localhost:64503}, javascriptEnabled: true, networkConnectionEnabled: false, pageLoadStrategy: normal, platform: MAC, platformName: MAC, proxy: Proxy(), se:cdp: ws://localhost:64503/devtoo..., se:cdpVersion: 96.0.4664.93, setWindowRect: true, strictFileInteractability: false, timeouts: {implicit: 0, pageLoad: 300000, script: 30000}, unhandledPromptBehavior: dismiss and notify, webauthn:extension:credBlob: true, webauthn:extension:largeBlob: true, webauthn:virtualAuthenticators: true}\nSession ID: a77c9f17d4e4b3e9abd4c4f08c60038b\n\tat java.base/jdk.internal.reflect.NativeConstructorAccessorImpl.newInstance0(Native Method)\n\tat java.base/jdk.internal.reflect.NativeConstructorAccessorImpl.newInstance(NativeConstructorAccessorImpl.java:62)\n\tat java.base/jdk.internal.reflect.DelegatingConstructorAccessorImpl.newInstance(DelegatingConstructorAccessorImpl.java:45)\n\tat java.base/java.lang.reflect.Constructor.newInstanceWithCaller(Constructor.java:500)\n\tat java.base/java.lang.reflect.Constructor.newInstance(Constructor.java:481)\n\tat org.openqa.selenium.remote.codec.w3c.W3CHttpResponseCodec.createException(W3CHttpResponseCodec.java:200)\n\tat org.openqa.selenium.remote.codec.w3c.W3CHttpResponseCodec.decode(W3CHttpResponseCodec.java:133)\n\tat org.openqa.selenium.remote.codec.w3c.W3CHttpResponseCodec.decode(W3CHttpResponseCodec.java:53)\n\tat org.openqa.selenium.remote.HttpCommandExecutor.execute(HttpCommandExecutor.java:184)\n\tat org.openqa.selenium.remote.service.DriverCommandExecutor.invokeExecute(DriverCommandExecutor.java:164)\n\tat org.openqa.selenium.remote.service.DriverCommandExecutor.execute(DriverCommandExecutor.java:139)\n\tat org.openqa.selenium.remote.RemoteWebDriver.execute(RemoteWebDriver.java:559)\n\tat org.openqa.selenium.remote.RemoteWebDriver.execute(RemoteWebDriver.java:614)\n\tat org.openqa.selenium.remote.RemoteWebDriver.execute(RemoteWebDriver.java:618)\n\tat org.openqa.selenium.remote.RemoteWebDriver.getScreenshotAs(RemoteWebDriver.java:349)\n\tat stepDefinitions.Hook.tearDown(Hook.java:21)\n",
              "duration": 4482000,
              "status": "failed"
            },
            "match": {
              "location": "stepDefinitions.Hook.tearDown(io.cucumber.java.Scenario)"
            }
          }
        ],
        "type": "scenario",
        "keyword": "Scenario",
        "steps": [
          {
            "result": {
              "error_message": "org.openqa.selenium.NoSuchWindowException: no such window: target window already closed\nfrom unknown error: web view not found\n  (Session info: chrome\u003d96.0.4664.93)\nBuild info: version: \u00274.0.0\u0027, revision: \u00273a21814679\u0027\nSystem info: host: \u0027Zulfiyes-MacBook-Pro.local\u0027, ip: \u00272603:8081:1607:f1b7:0:0:0:14b4%en0\u0027, os.name: \u0027Mac OS X\u0027, os.arch: \u0027x86_64\u0027, os.version: \u002710.16\u0027, java.version: \u002714.0.2\u0027\nDriver info: org.openqa.selenium.chrome.ChromeDriver\nCommand: [a77c9f17d4e4b3e9abd4c4f08c60038b, get {url\u003dhttps://www.amazon.com}]\nCapabilities {acceptInsecureCerts: false, browserName: chrome, browserVersion: 96.0.4664.93, chrome: {chromedriverVersion: 96.0.4664.45 (76e4c1bb2ab46..., userDataDir: /var/folders/w0/2f6p2hfj42v...}, goog:chromeOptions: {debuggerAddress: localhost:64503}, javascriptEnabled: true, networkConnectionEnabled: false, pageLoadStrategy: normal, platform: MAC, platformName: MAC, proxy: Proxy(), se:cdp: ws://localhost:64503/devtoo..., se:cdpVersion: 96.0.4664.93, setWindowRect: true, strictFileInteractability: false, timeouts: {implicit: 0, pageLoad: 300000, script: 30000}, unhandledPromptBehavior: dismiss and notify, webauthn:extension:credBlob: true, webauthn:extension:largeBlob: true, webauthn:virtualAuthenticators: true}\nSession ID: a77c9f17d4e4b3e9abd4c4f08c60038b\n\tat java.base/jdk.internal.reflect.NativeConstructorAccessorImpl.newInstance0(Native Method)\n\tat java.base/jdk.internal.reflect.NativeConstructorAccessorImpl.newInstance(NativeConstructorAccessorImpl.java:62)\n\tat java.base/jdk.internal.reflect.DelegatingConstructorAccessorImpl.newInstance(DelegatingConstructorAccessorImpl.java:45)\n\tat java.base/java.lang.reflect.Constructor.newInstanceWithCaller(Constructor.java:500)\n\tat java.base/java.lang.reflect.Constructor.newInstance(Constructor.java:481)\n\tat org.openqa.selenium.remote.codec.w3c.W3CHttpResponseCodec.createException(W3CHttpResponseCodec.java:200)\n\tat org.openqa.selenium.remote.codec.w3c.W3CHttpResponseCodec.decode(W3CHttpResponseCodec.java:133)\n\tat org.openqa.selenium.remote.codec.w3c.W3CHttpResponseCodec.decode(W3CHttpResponseCodec.java:53)\n\tat org.openqa.selenium.remote.HttpCommandExecutor.execute(HttpCommandExecutor.java:184)\n\tat org.openqa.selenium.remote.service.DriverCommandExecutor.invokeExecute(DriverCommandExecutor.java:164)\n\tat org.openqa.selenium.remote.service.DriverCommandExecutor.execute(DriverCommandExecutor.java:139)\n\tat org.openqa.selenium.remote.RemoteWebDriver.execute(RemoteWebDriver.java:559)\n\tat org.openqa.selenium.remote.RemoteWebDriver.get(RemoteWebDriver.java:328)\n\tat stepDefinitions.TC01StepDefinitions.user_goes_to_amazon_home_page(TC01StepDefinitions.java:18)\n\tat ✽.user goes to Amazon Home Page(file:///Users/zulbis/Documents/AmazonWebPage/src/test/resources/features/TC08.feature:6)\n",
              "duration": 9695000,
              "status": "failed"
            },
            "line": 6,
            "name": "user goes to Amazon Home Page",
            "match": {
              "location": "stepDefinitions.TC01StepDefinitions.user_goes_to_amazon_home_page()"
            },
            "keyword": "When "
          },
          {
            "result": {
              "duration": 370000,
              "status": "skipped"
            },
            "line": 7,
            "name": "opens the signin window",
            "match": {
              "location": "stepDefinitions.TC08StepDefinitions.opens_the_signin_window()"
            },
            "keyword": "Then "
          },
          {
            "result": {
              "duration": 190000,
              "status": "skipped"
            },
            "line": 8,
            "name": "clicks  Create a List link",
            "match": {
              "location": "stepDefinitions.TC08StepDefinitions.clicks_create_a_list_link()"
            },
            "keyword": "And "
          },
          {
            "result": {
              "duration": 160000,
              "status": "skipped"
            },
            "line": 9,
            "name": "Verifies that the title contains \"Your List\"",
            "match": {
              "arguments": [
                {
                  "val": "\"Your List\"",
                  "offset": 33
                }
              ],
              "location": "stepDefinitions.TC08StepDefinitions.verifies_that_the_title_contains(java.lang.String)"
            },
            "keyword": "Then "
          }
        ],
        "tags": [
          {
            "name": "@all"
          },
          {
            "name": "@Parallel2"
          }
        ]
      }
    ],
    "name": "all listed products contain ...",
    "description": "",
    "id": "all-listed-products-contain-...",
    "keyword": "Feature",
    "uri": "file:src/test/resources/features/TC08.feature",
    "tags": [
      {
        "name": "@all",
        "type": "Tag",
        "location": {
          "line": 1,
          "column": 1
        }
      },
      {
        "name": "@Parallel2",
        "type": "Tag",
        "location": {
          "line": 2,
          "column": 1
        }
      }
    ]
  },
  {
    "line": 3,
    "elements": [
      {
        "line": 4,
        "name": "",
        "description": "",
        "type": "background",
        "keyword": "Background",
        "steps": [
          {
            "result": {
              "error_message": "org.openqa.selenium.NoSuchWindowException: no such window: target window already closed\nfrom unknown error: web view not found\n  (Session info: chrome\u003d96.0.4664.93)\nBuild info: version: \u00274.0.0\u0027, revision: \u00273a21814679\u0027\nSystem info: host: \u0027Zulfiyes-MacBook-Pro.local\u0027, ip: \u00272603:8081:1607:f1b7:0:0:0:14b4%en0\u0027, os.name: \u0027Mac OS X\u0027, os.arch: \u0027x86_64\u0027, os.version: \u002710.16\u0027, java.version: \u002714.0.2\u0027\nDriver info: org.openqa.selenium.chrome.ChromeDriver\nCommand: [a77c9f17d4e4b3e9abd4c4f08c60038b, get {url\u003dhttps://www.amazon.com}]\nCapabilities {acceptInsecureCerts: false, browserName: chrome, browserVersion: 96.0.4664.93, chrome: {chromedriverVersion: 96.0.4664.45 (76e4c1bb2ab46..., userDataDir: /var/folders/w0/2f6p2hfj42v...}, goog:chromeOptions: {debuggerAddress: localhost:64503}, javascriptEnabled: true, networkConnectionEnabled: false, pageLoadStrategy: normal, platform: MAC, platformName: MAC, proxy: Proxy(), se:cdp: ws://localhost:64503/devtoo..., se:cdpVersion: 96.0.4664.93, setWindowRect: true, strictFileInteractability: false, timeouts: {implicit: 0, pageLoad: 300000, script: 30000}, unhandledPromptBehavior: dismiss and notify, webauthn:extension:credBlob: true, webauthn:extension:largeBlob: true, webauthn:virtualAuthenticators: true}\nSession ID: a77c9f17d4e4b3e9abd4c4f08c60038b\n\tat java.base/jdk.internal.reflect.NativeConstructorAccessorImpl.newInstance0(Native Method)\n\tat java.base/jdk.internal.reflect.NativeConstructorAccessorImpl.newInstance(NativeConstructorAccessorImpl.java:62)\n\tat java.base/jdk.internal.reflect.DelegatingConstructorAccessorImpl.newInstance(DelegatingConstructorAccessorImpl.java:45)\n\tat java.base/java.lang.reflect.Constructor.newInstanceWithCaller(Constructor.java:500)\n\tat java.base/java.lang.reflect.Constructor.newInstance(Constructor.java:481)\n\tat org.openqa.selenium.remote.codec.w3c.W3CHttpResponseCodec.createException(W3CHttpResponseCodec.java:200)\n\tat org.openqa.selenium.remote.codec.w3c.W3CHttpResponseCodec.decode(W3CHttpResponseCodec.java:133)\n\tat org.openqa.selenium.remote.codec.w3c.W3CHttpResponseCodec.decode(W3CHttpResponseCodec.java:53)\n\tat org.openqa.selenium.remote.HttpCommandExecutor.execute(HttpCommandExecutor.java:184)\n\tat org.openqa.selenium.remote.service.DriverCommandExecutor.invokeExecute(DriverCommandExecutor.java:164)\n\tat org.openqa.selenium.remote.service.DriverCommandExecutor.execute(DriverCommandExecutor.java:139)\n\tat org.openqa.selenium.remote.RemoteWebDriver.execute(RemoteWebDriver.java:559)\n\tat org.openqa.selenium.remote.RemoteWebDriver.get(RemoteWebDriver.java:328)\n\tat stepDefinitions.TC01StepDefinitions.user_goes_to_amazon_home_page(TC01StepDefinitions.java:18)\n\tat ✽.user goes to Amazon Home Page(file:///Users/zulbis/Documents/AmazonWebPage/src/test/resources/features/TC09.feature:5)\n",
              "duration": 15995000,
              "status": "failed"
            },
            "line": 5,
            "name": "user goes to Amazon Home Page",
            "match": {
              "location": "stepDefinitions.TC01StepDefinitions.user_goes_to_amazon_home_page()"
            },
            "keyword": "Given "
          }
        ]
      },
      {
        "start_timestamp": "2021-12-10T09:24:08.109Z",
        "before": [
          {
            "result": {
              "duration": 113000,
              "status": "passed"
            },
            "match": {
              "location": "stepDefinitions.Hook.setUp()"
            }
          }
        ],
        "line": 6,
        "name": "",
        "description": "",
        "id": "valid-sign-in;",
        "after": [
          {
            "result": {
              "error_message": "org.openqa.selenium.NoSuchWindowException: no such window: target window already closed\nfrom unknown error: web view not found\n  (Session info: chrome\u003d96.0.4664.93)\nBuild info: version: \u00274.0.0\u0027, revision: \u00273a21814679\u0027\nSystem info: host: \u0027Zulfiyes-MacBook-Pro.local\u0027, ip: \u00272603:8081:1607:f1b7:0:0:0:14b4%en0\u0027, os.name: \u0027Mac OS X\u0027, os.arch: \u0027x86_64\u0027, os.version: \u002710.16\u0027, java.version: \u002714.0.2\u0027\nDriver info: org.openqa.selenium.chrome.ChromeDriver\nCommand: [a77c9f17d4e4b3e9abd4c4f08c60038b, screenshot {}]\nCapabilities {acceptInsecureCerts: false, browserName: chrome, browserVersion: 96.0.4664.93, chrome: {chromedriverVersion: 96.0.4664.45 (76e4c1bb2ab46..., userDataDir: /var/folders/w0/2f6p2hfj42v...}, goog:chromeOptions: {debuggerAddress: localhost:64503}, javascriptEnabled: true, networkConnectionEnabled: false, pageLoadStrategy: normal, platform: MAC, platformName: MAC, proxy: Proxy(), se:cdp: ws://localhost:64503/devtoo..., se:cdpVersion: 96.0.4664.93, setWindowRect: true, strictFileInteractability: false, timeouts: {implicit: 0, pageLoad: 300000, script: 30000}, unhandledPromptBehavior: dismiss and notify, webauthn:extension:credBlob: true, webauthn:extension:largeBlob: true, webauthn:virtualAuthenticators: true}\nSession ID: a77c9f17d4e4b3e9abd4c4f08c60038b\n\tat java.base/jdk.internal.reflect.NativeConstructorAccessorImpl.newInstance0(Native Method)\n\tat java.base/jdk.internal.reflect.NativeConstructorAccessorImpl.newInstance(NativeConstructorAccessorImpl.java:62)\n\tat java.base/jdk.internal.reflect.DelegatingConstructorAccessorImpl.newInstance(DelegatingConstructorAccessorImpl.java:45)\n\tat java.base/java.lang.reflect.Constructor.newInstanceWithCaller(Constructor.java:500)\n\tat java.base/java.lang.reflect.Constructor.newInstance(Constructor.java:481)\n\tat org.openqa.selenium.remote.codec.w3c.W3CHttpResponseCodec.createException(W3CHttpResponseCodec.java:200)\n\tat org.openqa.selenium.remote.codec.w3c.W3CHttpResponseCodec.decode(W3CHttpResponseCodec.java:133)\n\tat org.openqa.selenium.remote.codec.w3c.W3CHttpResponseCodec.decode(W3CHttpResponseCodec.java:53)\n\tat org.openqa.selenium.remote.HttpCommandExecutor.execute(HttpCommandExecutor.java:184)\n\tat org.openqa.selenium.remote.service.DriverCommandExecutor.invokeExecute(DriverCommandExecutor.java:164)\n\tat org.openqa.selenium.remote.service.DriverCommandExecutor.execute(DriverCommandExecutor.java:139)\n\tat org.openqa.selenium.remote.RemoteWebDriver.execute(RemoteWebDriver.java:559)\n\tat org.openqa.selenium.remote.RemoteWebDriver.execute(RemoteWebDriver.java:614)\n\tat org.openqa.selenium.remote.RemoteWebDriver.execute(RemoteWebDriver.java:618)\n\tat org.openqa.selenium.remote.RemoteWebDriver.getScreenshotAs(RemoteWebDriver.java:349)\n\tat stepDefinitions.Hook.tearDown(Hook.java:21)\n",
              "duration": 6190000,
              "status": "failed"
            },
            "match": {
              "location": "stepDefinitions.Hook.tearDown(io.cucumber.java.Scenario)"
            }
          }
        ],
        "type": "scenario",
        "keyword": "Scenario",
        "steps": [
          {
            "result": {
              "duration": 657000,
              "status": "skipped"
            },
            "line": 7,
            "name": "user clicks signin button",
            "match": {
              "location": "stepDefinitions.TC01StepDefinitions.user_clicks_signin_button()"
            },
            "keyword": "Then "
          },
          {
            "result": {
              "duration": 309000,
              "status": "skipped"
            },
            "line": 8,
            "name": "user enters valid email",
            "match": {
              "location": "stepDefinitions.TC09StepDefinitions.users_enters_valid_email()"
            },
            "keyword": "And "
          },
          {
            "result": {
              "duration": 281000,
              "status": "skipped"
            },
            "line": 9,
            "name": "clicks continue button",
            "match": {
              "location": "stepDefinitions.TC01StepDefinitions.clicks_continue_button()"
            },
            "keyword": "And "
          },
          {
            "result": {
              "duration": 191000,
              "status": "skipped"
            },
            "line": 10,
            "name": "user enters valid password",
            "match": {
              "location": "stepDefinitions.TC09StepDefinitions.userEntersValidPassword()"
            },
            "keyword": "Then "
          },
          {
            "result": {
              "duration": 81000,
              "status": "skipped"
            },
            "line": 11,
            "name": "verifies that Hello, Login text on the sign in button",
            "match": {
              "location": "stepDefinitions.TC09StepDefinitions.verifiesThatHelloLoginTextOnTheSignInButton()"
            },
            "keyword": "And "
          }
        ],
        "tags": [
          {
            "name": "@all"
          },
          {
            "name": "@Parallel2"
          }
        ]
      }
    ],
    "name": "valid sign in",
    "description": "",
    "id": "valid-sign-in",
    "keyword": "Feature",
    "uri": "file:src/test/resources/features/TC09.feature",
    "tags": [
      {
        "name": "@all",
        "type": "Tag",
        "location": {
          "line": 1,
          "column": 1
        }
      },
      {
        "name": "@Parallel2",
        "type": "Tag",
        "location": {
          "line": 2,
          "column": 1
        }
      }
    ]
  },
  {
    "line": 3,
    "elements": [
      {
        "line": 4,
        "name": "",
        "description": "",
        "type": "background",
        "keyword": "Background",
        "steps": [
          {
            "result": {
              "error_message": "org.openqa.selenium.NoSuchWindowException: no such window: target window already closed\nfrom unknown error: web view not found\n  (Session info: chrome\u003d96.0.4664.93)\nBuild info: version: \u00274.0.0\u0027, revision: \u00273a21814679\u0027\nSystem info: host: \u0027Zulfiyes-MacBook-Pro.local\u0027, ip: \u00272603:8081:1607:f1b7:0:0:0:14b4%en0\u0027, os.name: \u0027Mac OS X\u0027, os.arch: \u0027x86_64\u0027, os.version: \u002710.16\u0027, java.version: \u002714.0.2\u0027\nDriver info: org.openqa.selenium.chrome.ChromeDriver\nCommand: [a77c9f17d4e4b3e9abd4c4f08c60038b, get {url\u003dhttps://www.amazon.com}]\nCapabilities {acceptInsecureCerts: false, browserName: chrome, browserVersion: 96.0.4664.93, chrome: {chromedriverVersion: 96.0.4664.45 (76e4c1bb2ab46..., userDataDir: /var/folders/w0/2f6p2hfj42v...}, goog:chromeOptions: {debuggerAddress: localhost:64503}, javascriptEnabled: true, networkConnectionEnabled: false, pageLoadStrategy: normal, platform: MAC, platformName: MAC, proxy: Proxy(), se:cdp: ws://localhost:64503/devtoo..., se:cdpVersion: 96.0.4664.93, setWindowRect: true, strictFileInteractability: false, timeouts: {implicit: 0, pageLoad: 300000, script: 30000}, unhandledPromptBehavior: dismiss and notify, webauthn:extension:credBlob: true, webauthn:extension:largeBlob: true, webauthn:virtualAuthenticators: true}\nSession ID: a77c9f17d4e4b3e9abd4c4f08c60038b\n\tat java.base/jdk.internal.reflect.NativeConstructorAccessorImpl.newInstance0(Native Method)\n\tat java.base/jdk.internal.reflect.NativeConstructorAccessorImpl.newInstance(NativeConstructorAccessorImpl.java:62)\n\tat java.base/jdk.internal.reflect.DelegatingConstructorAccessorImpl.newInstance(DelegatingConstructorAccessorImpl.java:45)\n\tat java.base/java.lang.reflect.Constructor.newInstanceWithCaller(Constructor.java:500)\n\tat java.base/java.lang.reflect.Constructor.newInstance(Constructor.java:481)\n\tat org.openqa.selenium.remote.codec.w3c.W3CHttpResponseCodec.createException(W3CHttpResponseCodec.java:200)\n\tat org.openqa.selenium.remote.codec.w3c.W3CHttpResponseCodec.decode(W3CHttpResponseCodec.java:133)\n\tat org.openqa.selenium.remote.codec.w3c.W3CHttpResponseCodec.decode(W3CHttpResponseCodec.java:53)\n\tat org.openqa.selenium.remote.HttpCommandExecutor.execute(HttpCommandExecutor.java:184)\n\tat org.openqa.selenium.remote.service.DriverCommandExecutor.invokeExecute(DriverCommandExecutor.java:164)\n\tat org.openqa.selenium.remote.service.DriverCommandExecutor.execute(DriverCommandExecutor.java:139)\n\tat org.openqa.selenium.remote.RemoteWebDriver.execute(RemoteWebDriver.java:559)\n\tat org.openqa.selenium.remote.RemoteWebDriver.get(RemoteWebDriver.java:328)\n\tat stepDefinitions.TC01StepDefinitions.user_goes_to_amazon_home_page(TC01StepDefinitions.java:18)\n\tat ✽.user goes to Amazon Home Page(file:///Users/zulbis/Documents/AmazonWebPage/src/test/resources/features/TC10.feature:5)\n",
              "duration": 14177000,
              "status": "failed"
            },
            "line": 5,
            "name": "user goes to Amazon Home Page",
            "match": {
              "location": "stepDefinitions.TC01StepDefinitions.user_goes_to_amazon_home_page()"
            },
            "keyword": "When "
          }
        ]
      },
      {
        "start_timestamp": "2021-12-10T09:24:08.166Z",
        "before": [
          {
            "result": {
              "duration": 388000,
              "status": "passed"
            },
            "match": {
              "location": "stepDefinitions.Hook.setUp()"
            }
          }
        ],
        "line": 6,
        "name": "",
        "description": "",
        "id": "create-a-list;",
        "after": [
          {
            "result": {
              "error_message": "org.openqa.selenium.NoSuchWindowException: no such window: target window already closed\nfrom unknown error: web view not found\n  (Session info: chrome\u003d96.0.4664.93)\nBuild info: version: \u00274.0.0\u0027, revision: \u00273a21814679\u0027\nSystem info: host: \u0027Zulfiyes-MacBook-Pro.local\u0027, ip: \u00272603:8081:1607:f1b7:0:0:0:14b4%en0\u0027, os.name: \u0027Mac OS X\u0027, os.arch: \u0027x86_64\u0027, os.version: \u002710.16\u0027, java.version: \u002714.0.2\u0027\nDriver info: org.openqa.selenium.chrome.ChromeDriver\nCommand: [a77c9f17d4e4b3e9abd4c4f08c60038b, screenshot {}]\nCapabilities {acceptInsecureCerts: false, browserName: chrome, browserVersion: 96.0.4664.93, chrome: {chromedriverVersion: 96.0.4664.45 (76e4c1bb2ab46..., userDataDir: /var/folders/w0/2f6p2hfj42v...}, goog:chromeOptions: {debuggerAddress: localhost:64503}, javascriptEnabled: true, networkConnectionEnabled: false, pageLoadStrategy: normal, platform: MAC, platformName: MAC, proxy: Proxy(), se:cdp: ws://localhost:64503/devtoo..., se:cdpVersion: 96.0.4664.93, setWindowRect: true, strictFileInteractability: false, timeouts: {implicit: 0, pageLoad: 300000, script: 30000}, unhandledPromptBehavior: dismiss and notify, webauthn:extension:credBlob: true, webauthn:extension:largeBlob: true, webauthn:virtualAuthenticators: true}\nSession ID: a77c9f17d4e4b3e9abd4c4f08c60038b\n\tat java.base/jdk.internal.reflect.NativeConstructorAccessorImpl.newInstance0(Native Method)\n\tat java.base/jdk.internal.reflect.NativeConstructorAccessorImpl.newInstance(NativeConstructorAccessorImpl.java:62)\n\tat java.base/jdk.internal.reflect.DelegatingConstructorAccessorImpl.newInstance(DelegatingConstructorAccessorImpl.java:45)\n\tat java.base/java.lang.reflect.Constructor.newInstanceWithCaller(Constructor.java:500)\n\tat java.base/java.lang.reflect.Constructor.newInstance(Constructor.java:481)\n\tat org.openqa.selenium.remote.codec.w3c.W3CHttpResponseCodec.createException(W3CHttpResponseCodec.java:200)\n\tat org.openqa.selenium.remote.codec.w3c.W3CHttpResponseCodec.decode(W3CHttpResponseCodec.java:133)\n\tat org.openqa.selenium.remote.codec.w3c.W3CHttpResponseCodec.decode(W3CHttpResponseCodec.java:53)\n\tat org.openqa.selenium.remote.HttpCommandExecutor.execute(HttpCommandExecutor.java:184)\n\tat org.openqa.selenium.remote.service.DriverCommandExecutor.invokeExecute(DriverCommandExecutor.java:164)\n\tat org.openqa.selenium.remote.service.DriverCommandExecutor.execute(DriverCommandExecutor.java:139)\n\tat org.openqa.selenium.remote.RemoteWebDriver.execute(RemoteWebDriver.java:559)\n\tat org.openqa.selenium.remote.RemoteWebDriver.execute(RemoteWebDriver.java:614)\n\tat org.openqa.selenium.remote.RemoteWebDriver.execute(RemoteWebDriver.java:618)\n\tat org.openqa.selenium.remote.RemoteWebDriver.getScreenshotAs(RemoteWebDriver.java:349)\n\tat stepDefinitions.Hook.tearDown(Hook.java:21)\n",
              "duration": 7929000,
              "status": "failed"
            },
            "match": {
              "location": "stepDefinitions.Hook.tearDown(io.cucumber.java.Scenario)"
            }
          }
        ],
        "type": "scenario",
        "keyword": "Scenario",
        "steps": [
          {
            "result": {
              "duration": 362000,
              "status": "skipped"
            },
            "line": 8,
            "name": "user clicks signin button",
            "match": {
              "location": "stepDefinitions.TC01StepDefinitions.user_clicks_signin_button()"
            },
            "keyword": "Then "
          },
          {
            "result": {
              "duration": 269000,
              "status": "skipped"
            },
            "line": 9,
            "name": "user enters valid email",
            "match": {
              "location": "stepDefinitions.TC09StepDefinitions.users_enters_valid_email()"
            },
            "keyword": "Then "
          },
          {
            "result": {
              "duration": 180000,
              "status": "skipped"
            },
            "line": 10,
            "name": "clicks continue button",
            "match": {
              "location": "stepDefinitions.TC01StepDefinitions.clicks_continue_button()"
            },
            "keyword": "Then "
          },
          {
            "result": {
              "duration": 668000,
              "status": "skipped"
            },
            "line": 11,
            "name": "user enters valid password",
            "match": {
              "location": "stepDefinitions.TC09StepDefinitions.userEntersValidPassword()"
            },
            "keyword": "And "
          },
          {
            "result": {
              "duration": 355000,
              "status": "skipped"
            },
            "line": 12,
            "name": "user searches for \"samsung laptop\"",
            "match": {
              "arguments": [
                {
                  "val": "\"samsung laptop\"",
                  "offset": 18
                }
              ],
              "location": "stepDefinitions.TC04StepDefinitions.user_searches_for(java.lang.String)"
            },
            "keyword": "Then "
          },
          {
            "result": {
              "duration": 154000,
              "status": "skipped"
            },
            "line": 13,
            "name": "selects the first item",
            "match": {
              "location": "stepDefinitions.TC10StepDefinitions.selects_the_first_item()"
            },
            "keyword": "Then "
          },
          {
            "result": {
              "duration": 159000,
              "status": "skipped"
            },
            "line": 14,
            "name": "users clicks add to List button",
            "match": {
              "location": "stepDefinitions.TC10StepDefinitions.users_clicks_add_to_list_button()"
            },
            "keyword": "And "
          },
          {
            "result": {
              "duration": 161000,
              "status": "skipped"
            },
            "line": 15,
            "name": "opens to shopping list",
            "match": {
              "location": "stepDefinitions.TC10StepDefinitions.opens_to_shopping_list()"
            },
            "keyword": "And "
          },
          {
            "result": {
              "duration": 171000,
              "status": "skipped"
            },
            "line": 16,
            "name": "checks if the product is in the list",
            "match": {
              "location": "stepDefinitions.TC10StepDefinitions.checks_if_the_product_is_in_the_list()"
            },
            "keyword": "And "
          },
          {
            "result": {
              "duration": 97000,
              "status": "skipped"
            },
            "line": 17,
            "name": "clicks delete button",
            "match": {
              "location": "stepDefinitions.TC10StepDefinitions.clicks_delete_button()"
            },
            "keyword": "Then "
          },
          {
            "result": {
              "duration": 104000,
              "status": "skipped"
            },
            "line": 18,
            "name": "checks if the product is not in the list",
            "match": {
              "location": "stepDefinitions.TC10StepDefinitions.checks_if_the_product_is_not_in_the_list()"
            },
            "keyword": "And "
          }
        ],
        "tags": [
          {
            "name": "@all3"
          },
          {
            "name": "@Parallel2"
          }
        ]
      }
    ],
    "name": "create a list",
    "description": "",
    "id": "create-a-list",
    "keyword": "Feature",
    "uri": "file:src/test/resources/features/TC10.feature",
    "tags": [
      {
        "name": "@all3",
        "type": "Tag",
        "location": {
          "line": 1,
          "column": 1
        }
      },
      {
        "name": "@Parallel2",
        "type": "Tag",
        "location": {
          "line": 2,
          "column": 1
        }
      }
    ]
  }
]